<?xml version="1.0" encoding="UTF-8"?>
<testsuite xmlns:xsi="http://www.w3.org/2001/XMLSchema-instance" xsi:noNamespaceSchemaLocation="https://maven.apache.org/surefire/maven-surefire-plugin/xsd/surefire-test-report.xsd" name="com.bin.yang.ByonesellApplicationTests" time="3.376" tests="1" errors="0" skipped="0" failures="0">
  <properties>
    <property name="gopherProxySet" value="false"/>
    <property name="awt.toolkit" value="sun.lwawt.macosx.LWCToolkit"/>
    <property name="file.encoding.pkg" value="sun.io"/>
    <property name="java.specification.version" value="1.8"/>
    <property name="sun.cpu.isalist" value=""/>
    <property name="sun.jnu.encoding" value="UTF-8"/>
    <property name="java.class.path" value="/Users/bin.yang/Desktop/gitlocal/sunny/target/test-classes:/Users/bin.yang/Desktop/gitlocal/sunny/target/classes:/Users/bin.yang/work/repository/repository/repository/org/springframework/boot/spring-boot-starter-amqp/2.0.5.RELEASE/spring-boot-starter-amqp-2.0.5.RELEASE.jar:/Users/bin.yang/work/repository/repository/repository/org/springframework/boot/spring-boot-starter/2.0.5.RELEASE/spring-boot-starter-2.0.5.RELEASE.jar:/Users/bin.yang/work/repository/repository/repository/org/springframework/boot/spring-boot/2.0.5.RELEASE/spring-boot-2.0.5.RELEASE.jar:/Users/bin.yang/work/repository/repository/repository/org/springframework/boot/spring-boot-autoconfigure/2.0.5.RELEASE/spring-boot-autoconfigure-2.0.5.RELEASE.jar:/Users/bin.yang/work/repository/repository/repository/org/springframework/boot/spring-boot-starter-logging/2.0.5.RELEASE/spring-boot-starter-logging-2.0.5.RELEASE.jar:/Users/bin.yang/work/repository/repository/repository/org/apache/logging/log4j/log4j-to-slf4j/2.10.0/log4j-to-slf4j-2.10.0.jar:/Users/bin.yang/work/repository/repository/repository/org/slf4j/jul-to-slf4j/1.7.25/jul-to-slf4j-1.7.25.jar:/Users/bin.yang/work/repository/repository/repository/javax/annotation/javax.annotation-api/1.3.2/javax.annotation-api-1.3.2.jar:/Users/bin.yang/work/repository/repository/repository/org/yaml/snakeyaml/1.19/snakeyaml-1.19.jar:/Users/bin.yang/work/repository/repository/repository/org/springframework/spring-messaging/5.0.9.RELEASE/spring-messaging-5.0.9.RELEASE.jar:/Users/bin.yang/work/repository/repository/repository/org/springframework/amqp/spring-rabbit/2.0.6.RELEASE/spring-rabbit-2.0.6.RELEASE.jar:/Users/bin.yang/work/repository/repository/repository/org/springframework/amqp/spring-amqp/2.0.6.RELEASE/spring-amqp-2.0.6.RELEASE.jar:/Users/bin.yang/work/repository/repository/repository/org/springframework/retry/spring-retry/1.2.2.RELEASE/spring-retry-1.2.2.RELEASE.jar:/Users/bin.yang/work/repository/repository/repository/com/rabbitmq/amqp-client/5.4.1/amqp-client-5.4.1.jar:/Users/bin.yang/work/repository/repository/repository/org/springframework/boot/spring-boot-starter-data-redis/2.0.5.RELEASE/spring-boot-starter-data-redis-2.0.5.RELEASE.jar:/Users/bin.yang/work/repository/repository/repository/org/springframework/data/spring-data-redis/2.0.10.RELEASE/spring-data-redis-2.0.10.RELEASE.jar:/Users/bin.yang/work/repository/repository/repository/org/springframework/data/spring-data-keyvalue/2.0.10.RELEASE/spring-data-keyvalue-2.0.10.RELEASE.jar:/Users/bin.yang/work/repository/repository/repository/org/springframework/data/spring-data-commons/2.0.10.RELEASE/spring-data-commons-2.0.10.RELEASE.jar:/Users/bin.yang/work/repository/repository/repository/org/springframework/spring-oxm/5.0.9.RELEASE/spring-oxm-5.0.9.RELEASE.jar:/Users/bin.yang/work/repository/repository/repository/org/springframework/spring-context-support/5.0.9.RELEASE/spring-context-support-5.0.9.RELEASE.jar:/Users/bin.yang/work/repository/repository/repository/io/lettuce/lettuce-core/5.0.5.RELEASE/lettuce-core-5.0.5.RELEASE.jar:/Users/bin.yang/work/repository/repository/repository/io/projectreactor/reactor-core/3.1.9.RELEASE/reactor-core-3.1.9.RELEASE.jar:/Users/bin.yang/work/repository/repository/repository/org/reactivestreams/reactive-streams/1.0.2/reactive-streams-1.0.2.jar:/Users/bin.yang/work/repository/repository/repository/io/netty/netty-common/4.1.29.Final/netty-common-4.1.29.Final.jar:/Users/bin.yang/work/repository/repository/repository/io/netty/netty-transport/4.1.29.Final/netty-transport-4.1.29.Final.jar:/Users/bin.yang/work/repository/repository/repository/io/netty/netty-buffer/4.1.29.Final/netty-buffer-4.1.29.Final.jar:/Users/bin.yang/work/repository/repository/repository/io/netty/netty-resolver/4.1.29.Final/netty-resolver-4.1.29.Final.jar:/Users/bin.yang/work/repository/repository/repository/io/netty/netty-handler/4.1.29.Final/netty-handler-4.1.29.Final.jar:/Users/bin.yang/work/repository/repository/repository/io/netty/netty-codec/4.1.29.Final/netty-codec-4.1.29.Final.jar:/Users/bin.yang/work/repository/repository/repository/org/springframework/boot/spring-boot-starter-web/2.0.5.RELEASE/spring-boot-starter-web-2.0.5.RELEASE.jar:/Users/bin.yang/work/repository/repository/repository/org/springframework/boot/spring-boot-starter-json/2.0.5.RELEASE/spring-boot-starter-json-2.0.5.RELEASE.jar:/Users/bin.yang/work/repository/repository/repository/com/fasterxml/jackson/core/jackson-databind/2.9.6/jackson-databind-2.9.6.jar:/Users/bin.yang/work/repository/repository/repository/com/fasterxml/jackson/core/jackson-annotations/2.9.0/jackson-annotations-2.9.0.jar:/Users/bin.yang/work/repository/repository/repository/com/fasterxml/jackson/datatype/jackson-datatype-jdk8/2.9.6/jackson-datatype-jdk8-2.9.6.jar:/Users/bin.yang/work/repository/repository/repository/com/fasterxml/jackson/datatype/jackson-datatype-jsr310/2.9.6/jackson-datatype-jsr310-2.9.6.jar:/Users/bin.yang/work/repository/repository/repository/com/fasterxml/jackson/module/jackson-module-parameter-names/2.9.6/jackson-module-parameter-names-2.9.6.jar:/Users/bin.yang/work/repository/repository/repository/org/springframework/boot/spring-boot-starter-tomcat/2.0.5.RELEASE/spring-boot-starter-tomcat-2.0.5.RELEASE.jar:/Users/bin.yang/work/repository/repository/repository/org/apache/tomcat/embed/tomcat-embed-core/8.5.34/tomcat-embed-core-8.5.34.jar:/Users/bin.yang/work/repository/repository/repository/org/apache/tomcat/embed/tomcat-embed-el/8.5.34/tomcat-embed-el-8.5.34.jar:/Users/bin.yang/work/repository/repository/repository/org/apache/tomcat/embed/tomcat-embed-websocket/8.5.34/tomcat-embed-websocket-8.5.34.jar:/Users/bin.yang/work/repository/repository/repository/org/hibernate/validator/hibernate-validator/6.0.12.Final/hibernate-validator-6.0.12.Final.jar:/Users/bin.yang/work/repository/repository/repository/javax/validation/validation-api/2.0.1.Final/validation-api-2.0.1.Final.jar:/Users/bin.yang/work/repository/repository/repository/org/jboss/logging/jboss-logging/3.3.2.Final/jboss-logging-3.3.2.Final.jar:/Users/bin.yang/work/repository/repository/repository/com/fasterxml/classmate/1.3.4/classmate-1.3.4.jar:/Users/bin.yang/work/repository/repository/repository/org/springframework/spring-web/5.0.9.RELEASE/spring-web-5.0.9.RELEASE.jar:/Users/bin.yang/work/repository/repository/repository/org/springframework/spring-webmvc/5.0.9.RELEASE/spring-webmvc-5.0.9.RELEASE.jar:/Users/bin.yang/work/repository/repository/repository/org/springframework/spring-expression/5.0.9.RELEASE/spring-expression-5.0.9.RELEASE.jar:/Users/bin.yang/work/repository/repository/repository/mysql/mysql-connector-java/6.0.5/mysql-connector-java-6.0.5.jar:/Users/bin.yang/work/repository/repository/repository/org/springframework/boot/spring-boot-starter-test/2.0.5.RELEASE/spring-boot-starter-test-2.0.5.RELEASE.jar:/Users/bin.yang/work/repository/repository/repository/org/springframework/boot/spring-boot-test/2.0.5.RELEASE/spring-boot-test-2.0.5.RELEASE.jar:/Users/bin.yang/work/repository/repository/repository/org/springframework/boot/spring-boot-test-autoconfigure/2.0.5.RELEASE/spring-boot-test-autoconfigure-2.0.5.RELEASE.jar:/Users/bin.yang/work/repository/repository/repository/com/jayway/jsonpath/json-path/2.4.0/json-path-2.4.0.jar:/Users/bin.yang/work/repository/repository/repository/net/minidev/json-smart/2.3/json-smart-2.3.jar:/Users/bin.yang/work/repository/repository/repository/net/minidev/accessors-smart/1.2/accessors-smart-1.2.jar:/Users/bin.yang/work/repository/repository/repository/org/ow2/asm/asm/5.0.4/asm-5.0.4.jar:/Users/bin.yang/work/repository/repository/repository/junit/junit/4.12/junit-4.12.jar:/Users/bin.yang/work/repository/repository/repository/org/assertj/assertj-core/3.9.1/assertj-core-3.9.1.jar:/Users/bin.yang/work/repository/repository/repository/org/mockito/mockito-core/2.15.0/mockito-core-2.15.0.jar:/Users/bin.yang/work/repository/repository/repository/net/bytebuddy/byte-buddy/1.7.11/byte-buddy-1.7.11.jar:/Users/bin.yang/work/repository/repository/repository/net/bytebuddy/byte-buddy-agent/1.7.11/byte-buddy-agent-1.7.11.jar:/Users/bin.yang/work/repository/repository/repository/org/objenesis/objenesis/2.6/objenesis-2.6.jar:/Users/bin.yang/work/repository/repository/repository/org/hamcrest/hamcrest-core/1.3/hamcrest-core-1.3.jar:/Users/bin.yang/work/repository/repository/repository/org/hamcrest/hamcrest-library/1.3/hamcrest-library-1.3.jar:/Users/bin.yang/work/repository/repository/repository/org/skyscreamer/jsonassert/1.5.0/jsonassert-1.5.0.jar:/Users/bin.yang/work/repository/repository/repository/com/vaadin/external/google/android-json/0.0.20131108.vaadin1/android-json-0.0.20131108.vaadin1.jar:/Users/bin.yang/work/repository/repository/repository/org/springframework/spring-core/5.0.9.RELEASE/spring-core-5.0.9.RELEASE.jar:/Users/bin.yang/work/repository/repository/repository/org/springframework/spring-jcl/5.0.9.RELEASE/spring-jcl-5.0.9.RELEASE.jar:/Users/bin.yang/work/repository/repository/repository/org/springframework/spring-test/5.0.9.RELEASE/spring-test-5.0.9.RELEASE.jar:/Users/bin.yang/work/repository/repository/repository/org/xmlunit/xmlunit-core/2.5.1/xmlunit-core-2.5.1.jar:/Users/bin.yang/work/repository/repository/repository/com/alibaba/druid/1.1.9/druid-1.1.9.jar:/Users/bin.yang/work/repository/repository/repository/com/alibaba/fastjson/1.2.54/fastjson-1.2.54.jar:/Users/bin.yang/work/repository/repository/repository/redis/clients/jedis/2.9.0/jedis-2.9.0.jar:/Users/bin.yang/work/repository/repository/repository/org/apache/commons/commons-pool2/2.5.0/commons-pool2-2.5.0.jar:/Users/bin.yang/work/repository/repository/repository/org/apache/commons/commons-lang3/3.8.1/commons-lang3-3.8.1.jar:/Users/bin.yang/work/repository/repository/repository/org/springframework/spring-jdbc/5.0.0.BUILD-SNAPSHOT/spring-jdbc-5.0.0.BUILD-SNAPSHOT.jar:/Users/bin.yang/work/repository/repository/repository/org/springframework/spring-beans/5.0.9.RELEASE/spring-beans-5.0.9.RELEASE.jar:/Users/bin.yang/work/repository/repository/repository/org/springframework/spring-tx/5.0.9.RELEASE/spring-tx-5.0.9.RELEASE.jar:/Users/bin.yang/work/repository/repository/repository/tk/mybatis/mapper/3.4.0/mapper-3.4.0.jar:/Users/bin.yang/work/repository/repository/repository/javax/persistence/persistence-api/1.0/persistence-api-1.0.jar:/Users/bin.yang/work/repository/repository/repository/org/mybatis/spring/boot/mybatis-spring-boot-starter/1.3.2/mybatis-spring-boot-starter-1.3.2.jar:/Users/bin.yang/work/repository/repository/repository/org/springframework/boot/spring-boot-starter-jdbc/2.0.5.RELEASE/spring-boot-starter-jdbc-2.0.5.RELEASE.jar:/Users/bin.yang/work/repository/repository/repository/com/zaxxer/HikariCP/2.7.9/HikariCP-2.7.9.jar:/Users/bin.yang/work/repository/repository/repository/org/mybatis/spring/boot/mybatis-spring-boot-autoconfigure/1.3.2/mybatis-spring-boot-autoconfigure-1.3.2.jar:/Users/bin.yang/work/repository/repository/repository/org/mybatis/mybatis/3.4.6/mybatis-3.4.6.jar:/Users/bin.yang/work/repository/repository/repository/org/mybatis/mybatis-spring/1.3.2/mybatis-spring-1.3.2.jar:/Users/bin.yang/work/repository/repository/repository/org/elasticsearch/elasticsearch/6.5.4/elasticsearch-6.5.4.jar:/Users/bin.yang/work/repository/repository/repository/org/elasticsearch/elasticsearch-core/6.5.4/elasticsearch-core-6.5.4.jar:/Users/bin.yang/work/repository/repository/repository/org/elasticsearch/elasticsearch-secure-sm/6.5.4/elasticsearch-secure-sm-6.5.4.jar:/Users/bin.yang/work/repository/repository/repository/org/elasticsearch/elasticsearch-x-content/6.5.4/elasticsearch-x-content-6.5.4.jar:/Users/bin.yang/work/repository/repository/repository/com/fasterxml/jackson/core/jackson-core/2.9.6/jackson-core-2.9.6.jar:/Users/bin.yang/work/repository/repository/repository/com/fasterxml/jackson/dataformat/jackson-dataformat-smile/2.9.6/jackson-dataformat-smile-2.9.6.jar:/Users/bin.yang/work/repository/repository/repository/com/fasterxml/jackson/dataformat/jackson-dataformat-yaml/2.9.6/jackson-dataformat-yaml-2.9.6.jar:/Users/bin.yang/work/repository/repository/repository/com/fasterxml/jackson/dataformat/jackson-dataformat-cbor/2.9.6/jackson-dataformat-cbor-2.9.6.jar:/Users/bin.yang/work/repository/repository/repository/org/apache/lucene/lucene-core/7.5.0/lucene-core-7.5.0.jar:/Users/bin.yang/work/repository/repository/repository/org/apache/lucene/lucene-analyzers-common/7.5.0/lucene-analyzers-common-7.5.0.jar:/Users/bin.yang/work/repository/repository/repository/org/apache/lucene/lucene-backward-codecs/7.5.0/lucene-backward-codecs-7.5.0.jar:/Users/bin.yang/work/repository/repository/repository/org/apache/lucene/lucene-grouping/7.5.0/lucene-grouping-7.5.0.jar:/Users/bin.yang/work/repository/repository/repository/org/apache/lucene/lucene-highlighter/7.5.0/lucene-highlighter-7.5.0.jar:/Users/bin.yang/work/repository/repository/repository/org/apache/lucene/lucene-join/7.5.0/lucene-join-7.5.0.jar:/Users/bin.yang/work/repository/repository/repository/org/apache/lucene/lucene-memory/7.5.0/lucene-memory-7.5.0.jar:/Users/bin.yang/work/repository/repository/repository/org/apache/lucene/lucene-misc/7.5.0/lucene-misc-7.5.0.jar:/Users/bin.yang/work/repository/repository/repository/org/apache/lucene/lucene-queries/7.5.0/lucene-queries-7.5.0.jar:/Users/bin.yang/work/repository/repository/repository/org/apache/lucene/lucene-queryparser/7.5.0/lucene-queryparser-7.5.0.jar:/Users/bin.yang/work/repository/repository/repository/org/apache/lucene/lucene-sandbox/7.5.0/lucene-sandbox-7.5.0.jar:/Users/bin.yang/work/repository/repository/repository/org/apache/lucene/lucene-spatial/7.5.0/lucene-spatial-7.5.0.jar:/Users/bin.yang/work/repository/repository/repository/org/apache/lucene/lucene-spatial-extras/7.5.0/lucene-spatial-extras-7.5.0.jar:/Users/bin.yang/work/repository/repository/repository/org/apache/lucene/lucene-spatial3d/7.5.0/lucene-spatial3d-7.5.0.jar:/Users/bin.yang/work/repository/repository/repository/org/apache/lucene/lucene-suggest/7.5.0/lucene-suggest-7.5.0.jar:/Users/bin.yang/work/repository/repository/repository/org/elasticsearch/elasticsearch-cli/6.5.4/elasticsearch-cli-6.5.4.jar:/Users/bin.yang/work/repository/repository/repository/net/sf/jopt-simple/jopt-simple/5.0.2/jopt-simple-5.0.2.jar:/Users/bin.yang/work/repository/repository/repository/com/carrotsearch/hppc/0.7.1/hppc-0.7.1.jar:/Users/bin.yang/work/repository/repository/repository/joda-time/joda-time/2.9.9/joda-time-2.9.9.jar:/Users/bin.yang/work/repository/repository/repository/com/tdunning/t-digest/3.2/t-digest-3.2.jar:/Users/bin.yang/work/repository/repository/repository/org/hdrhistogram/HdrHistogram/2.1.9/HdrHistogram-2.1.9.jar:/Users/bin.yang/work/repository/repository/repository/org/apache/logging/log4j/log4j-api/2.10.0/log4j-api-2.10.0.jar:/Users/bin.yang/work/repository/repository/repository/org/elasticsearch/jna/4.5.1/jna-4.5.1.jar:/Users/bin.yang/work/repository/repository/repository/org/elasticsearch/client/elasticsearch-rest-client/6.5.4/elasticsearch-rest-client-6.5.4.jar:/Users/bin.yang/work/repository/repository/repository/org/apache/httpcomponents/httpclient/4.5.6/httpclient-4.5.6.jar:/Users/bin.yang/work/repository/repository/repository/org/apache/httpcomponents/httpcore/4.4.10/httpcore-4.4.10.jar:/Users/bin.yang/work/repository/repository/repository/org/apache/httpcomponents/httpasyncclient/4.1.4/httpasyncclient-4.1.4.jar:/Users/bin.yang/work/repository/repository/repository/org/apache/httpcomponents/httpcore-nio/4.4.10/httpcore-nio-4.4.10.jar:/Users/bin.yang/work/repository/repository/repository/commons-codec/commons-codec/1.11/commons-codec-1.11.jar:/Users/bin.yang/work/repository/repository/repository/commons-logging/commons-logging/1.1.3/commons-logging-1.1.3.jar:/Users/bin.yang/work/repository/repository/repository/org/elasticsearch/client/elasticsearch-rest-high-level-client/6.5.4/elasticsearch-rest-high-level-client-6.5.4.jar:/Users/bin.yang/work/repository/repository/repository/org/elasticsearch/plugin/parent-join-client/6.5.4/parent-join-client-6.5.4.jar:/Users/bin.yang/work/repository/repository/repository/org/elasticsearch/plugin/aggs-matrix-stats-client/6.5.4/aggs-matrix-stats-client-6.5.4.jar:/Users/bin.yang/work/repository/repository/repository/org/elasticsearch/plugin/rank-eval-client/6.5.4/rank-eval-client-6.5.4.jar:/Users/bin.yang/work/repository/repository/repository/org/elasticsearch/plugin/lang-mustache-client/6.5.4/lang-mustache-client-6.5.4.jar:/Users/bin.yang/work/repository/repository/repository/com/github/spullara/mustache/java/compiler/0.9.3/compiler-0.9.3.jar:/Users/bin.yang/work/repository/repository/repository/org/projectlombok/lombok/1.18.2/lombok-1.18.2.jar:/Users/bin.yang/work/repository/repository/repository/com/alibaba/otter/canal.client/1.1.2/canal.client-1.1.2.jar:/Users/bin.yang/work/repository/repository/repository/com/google/protobuf/protobuf-java/3.6.1/protobuf-java-3.6.1.jar:/Users/bin.yang/work/repository/repository/repository/io/netty/netty-all/4.1.29.Final/netty-all-4.1.29.Final.jar:/Users/bin.yang/work/repository/repository/repository/org/apache/zookeeper/zookeeper/3.4.5/zookeeper-3.4.5.jar:/Users/bin.yang/work/repository/repository/repository/org/jboss/netty/netty/3.2.2.Final/netty-3.2.2.Final.jar:/Users/bin.yang/work/repository/repository/repository/com/101tec/zkclient/0.10/zkclient-0.10.jar:/Users/bin.yang/work/repository/repository/repository/commons-io/commons-io/2.4/commons-io-2.4.jar:/Users/bin.yang/work/repository/repository/repository/commons-lang/commons-lang/2.6/commons-lang-2.6.jar:/Users/bin.yang/work/repository/repository/repository/com/google/guava/guava/18.0/guava-18.0.jar:/Users/bin.yang/work/repository/repository/repository/ch/qos/logback/logback-core/1.2.3/logback-core-1.2.3.jar:/Users/bin.yang/work/repository/repository/repository/ch/qos/logback/logback-classic/1.2.3/logback-classic-1.2.3.jar:/Users/bin.yang/work/repository/repository/repository/org/slf4j/jcl-over-slf4j/1.7.25/jcl-over-slf4j-1.7.25.jar:/Users/bin.yang/work/repository/repository/repository/org/slf4j/slf4j-api/1.7.25/slf4j-api-1.7.25.jar:/Users/bin.yang/work/repository/repository/repository/org/springframework/spring-aop/5.0.9.RELEASE/spring-aop-5.0.9.RELEASE.jar:/Users/bin.yang/work/repository/repository/repository/org/springframework/spring-context/5.0.9.RELEASE/spring-context-5.0.9.RELEASE.jar:/Users/bin.yang/work/repository/repository/repository/org/springframework/spring-orm/5.0.9.RELEASE/spring-orm-5.0.9.RELEASE.jar:/Users/bin.yang/work/repository/repository/repository/org/apache/rocketmq/rocketmq-client/4.3.0/rocketmq-client-4.3.0.jar:/Users/bin.yang/work/repository/repository/repository/org/apache/rocketmq/rocketmq-common/4.3.0/rocketmq-common-4.3.0.jar:/Users/bin.yang/work/repository/repository/repository/org/apache/rocketmq/rocketmq-remoting/4.3.0/rocketmq-remoting-4.3.0.jar:/Users/bin.yang/work/repository/repository/repository/org/apache/rocketmq/rocketmq-logging/4.3.0/rocketmq-logging-4.3.0.jar:/Users/bin.yang/work/repository/repository/repository/io/netty/netty-tcnative-boringssl-static/1.1.33.Fork26/netty-tcnative-boringssl-static-1.1.33.Fork26.jar:/Users/bin.yang/work/repository/repository/repository/com/aliyun/openservices/aliware-apache-rocketmq-cloud/1.0/aliware-apache-rocketmq-cloud-1.0.jar:/Users/bin.yang/work/repository/repository/repository/org/springframework/boot/spring-boot-starter-thymeleaf/2.0.5.RELEASE/spring-boot-starter-thymeleaf-2.0.5.RELEASE.jar:/Users/bin.yang/work/repository/repository/repository/org/thymeleaf/thymeleaf-spring5/3.0.9.RELEASE/thymeleaf-spring5-3.0.9.RELEASE.jar:/Users/bin.yang/work/repository/repository/repository/org/thymeleaf/thymeleaf/3.0.9.RELEASE/thymeleaf-3.0.9.RELEASE.jar:/Users/bin.yang/work/repository/repository/repository/org/attoparser/attoparser/2.0.4.RELEASE/attoparser-2.0.4.RELEASE.jar:/Users/bin.yang/work/repository/repository/repository/org/unbescape/unbescape/1.1.5.RELEASE/unbescape-1.1.5.RELEASE.jar:/Users/bin.yang/work/repository/repository/repository/org/thymeleaf/extras/thymeleaf-extras-java8time/3.0.1.RELEASE/thymeleaf-extras-java8time-3.0.1.RELEASE.jar:"/>
    <property name="java.vm.vendor" value="Oracle Corporation"/>
    <property name="sun.arch.data.model" value="64"/>
    <property name="java.vendor.url" value="http://java.oracle.com/"/>
    <property name="user.timezone" value=""/>
    <property name="java.vm.specification.version" value="1.8"/>
    <property name="os.name" value="Mac OS X"/>
    <property name="user.country" value="CN"/>
    <property name="sun.java.launcher" value="SUN_STANDARD"/>
    <property name="sun.boot.library.path" value="/Library/Java/JavaVirtualMachines/jdk1.8.0_201.jdk/Contents/Home/jre/lib"/>
    <property name="sun.java.command" value="/Users/bin.yang/Desktop/gitlocal/sunny/target/surefire/surefirebooter6584019692299720682.jar /Users/bin.yang/Desktop/gitlocal/sunny/target/surefire 2019-10-14T17-52-55_741-jvmRun1 surefire8937571911194207968tmp surefire_04691837650707604722tmp"/>
    <property name="http.nonProxyHosts" value="local|*.local|169.254/16|*.169.254/16"/>
    <property name="surefire.test.class.path" value="/Users/bin.yang/Desktop/gitlocal/sunny/target/test-classes:/Users/bin.yang/Desktop/gitlocal/sunny/target/classes:/Users/bin.yang/work/repository/repository/repository/org/springframework/boot/spring-boot-starter-amqp/2.0.5.RELEASE/spring-boot-starter-amqp-2.0.5.RELEASE.jar:/Users/bin.yang/work/repository/repository/repository/org/springframework/boot/spring-boot-starter/2.0.5.RELEASE/spring-boot-starter-2.0.5.RELEASE.jar:/Users/bin.yang/work/repository/repository/repository/org/springframework/boot/spring-boot/2.0.5.RELEASE/spring-boot-2.0.5.RELEASE.jar:/Users/bin.yang/work/repository/repository/repository/org/springframework/boot/spring-boot-autoconfigure/2.0.5.RELEASE/spring-boot-autoconfigure-2.0.5.RELEASE.jar:/Users/bin.yang/work/repository/repository/repository/org/springframework/boot/spring-boot-starter-logging/2.0.5.RELEASE/spring-boot-starter-logging-2.0.5.RELEASE.jar:/Users/bin.yang/work/repository/repository/repository/org/apache/logging/log4j/log4j-to-slf4j/2.10.0/log4j-to-slf4j-2.10.0.jar:/Users/bin.yang/work/repository/repository/repository/org/slf4j/jul-to-slf4j/1.7.25/jul-to-slf4j-1.7.25.jar:/Users/bin.yang/work/repository/repository/repository/javax/annotation/javax.annotation-api/1.3.2/javax.annotation-api-1.3.2.jar:/Users/bin.yang/work/repository/repository/repository/org/yaml/snakeyaml/1.19/snakeyaml-1.19.jar:/Users/bin.yang/work/repository/repository/repository/org/springframework/spring-messaging/5.0.9.RELEASE/spring-messaging-5.0.9.RELEASE.jar:/Users/bin.yang/work/repository/repository/repository/org/springframework/amqp/spring-rabbit/2.0.6.RELEASE/spring-rabbit-2.0.6.RELEASE.jar:/Users/bin.yang/work/repository/repository/repository/org/springframework/amqp/spring-amqp/2.0.6.RELEASE/spring-amqp-2.0.6.RELEASE.jar:/Users/bin.yang/work/repository/repository/repository/org/springframework/retry/spring-retry/1.2.2.RELEASE/spring-retry-1.2.2.RELEASE.jar:/Users/bin.yang/work/repository/repository/repository/com/rabbitmq/amqp-client/5.4.1/amqp-client-5.4.1.jar:/Users/bin.yang/work/repository/repository/repository/org/springframework/boot/spring-boot-starter-data-redis/2.0.5.RELEASE/spring-boot-starter-data-redis-2.0.5.RELEASE.jar:/Users/bin.yang/work/repository/repository/repository/org/springframework/data/spring-data-redis/2.0.10.RELEASE/spring-data-redis-2.0.10.RELEASE.jar:/Users/bin.yang/work/repository/repository/repository/org/springframework/data/spring-data-keyvalue/2.0.10.RELEASE/spring-data-keyvalue-2.0.10.RELEASE.jar:/Users/bin.yang/work/repository/repository/repository/org/springframework/data/spring-data-commons/2.0.10.RELEASE/spring-data-commons-2.0.10.RELEASE.jar:/Users/bin.yang/work/repository/repository/repository/org/springframework/spring-oxm/5.0.9.RELEASE/spring-oxm-5.0.9.RELEASE.jar:/Users/bin.yang/work/repository/repository/repository/org/springframework/spring-context-support/5.0.9.RELEASE/spring-context-support-5.0.9.RELEASE.jar:/Users/bin.yang/work/repository/repository/repository/io/lettuce/lettuce-core/5.0.5.RELEASE/lettuce-core-5.0.5.RELEASE.jar:/Users/bin.yang/work/repository/repository/repository/io/projectreactor/reactor-core/3.1.9.RELEASE/reactor-core-3.1.9.RELEASE.jar:/Users/bin.yang/work/repository/repository/repository/org/reactivestreams/reactive-streams/1.0.2/reactive-streams-1.0.2.jar:/Users/bin.yang/work/repository/repository/repository/io/netty/netty-common/4.1.29.Final/netty-common-4.1.29.Final.jar:/Users/bin.yang/work/repository/repository/repository/io/netty/netty-transport/4.1.29.Final/netty-transport-4.1.29.Final.jar:/Users/bin.yang/work/repository/repository/repository/io/netty/netty-buffer/4.1.29.Final/netty-buffer-4.1.29.Final.jar:/Users/bin.yang/work/repository/repository/repository/io/netty/netty-resolver/4.1.29.Final/netty-resolver-4.1.29.Final.jar:/Users/bin.yang/work/repository/repository/repository/io/netty/netty-handler/4.1.29.Final/netty-handler-4.1.29.Final.jar:/Users/bin.yang/work/repository/repository/repository/io/netty/netty-codec/4.1.29.Final/netty-codec-4.1.29.Final.jar:/Users/bin.yang/work/repository/repository/repository/org/springframework/boot/spring-boot-starter-web/2.0.5.RELEASE/spring-boot-starter-web-2.0.5.RELEASE.jar:/Users/bin.yang/work/repository/repository/repository/org/springframework/boot/spring-boot-starter-json/2.0.5.RELEASE/spring-boot-starter-json-2.0.5.RELEASE.jar:/Users/bin.yang/work/repository/repository/repository/com/fasterxml/jackson/core/jackson-databind/2.9.6/jackson-databind-2.9.6.jar:/Users/bin.yang/work/repository/repository/repository/com/fasterxml/jackson/core/jackson-annotations/2.9.0/jackson-annotations-2.9.0.jar:/Users/bin.yang/work/repository/repository/repository/com/fasterxml/jackson/datatype/jackson-datatype-jdk8/2.9.6/jackson-datatype-jdk8-2.9.6.jar:/Users/bin.yang/work/repository/repository/repository/com/fasterxml/jackson/datatype/jackson-datatype-jsr310/2.9.6/jackson-datatype-jsr310-2.9.6.jar:/Users/bin.yang/work/repository/repository/repository/com/fasterxml/jackson/module/jackson-module-parameter-names/2.9.6/jackson-module-parameter-names-2.9.6.jar:/Users/bin.yang/work/repository/repository/repository/org/springframework/boot/spring-boot-starter-tomcat/2.0.5.RELEASE/spring-boot-starter-tomcat-2.0.5.RELEASE.jar:/Users/bin.yang/work/repository/repository/repository/org/apache/tomcat/embed/tomcat-embed-core/8.5.34/tomcat-embed-core-8.5.34.jar:/Users/bin.yang/work/repository/repository/repository/org/apache/tomcat/embed/tomcat-embed-el/8.5.34/tomcat-embed-el-8.5.34.jar:/Users/bin.yang/work/repository/repository/repository/org/apache/tomcat/embed/tomcat-embed-websocket/8.5.34/tomcat-embed-websocket-8.5.34.jar:/Users/bin.yang/work/repository/repository/repository/org/hibernate/validator/hibernate-validator/6.0.12.Final/hibernate-validator-6.0.12.Final.jar:/Users/bin.yang/work/repository/repository/repository/javax/validation/validation-api/2.0.1.Final/validation-api-2.0.1.Final.jar:/Users/bin.yang/work/repository/repository/repository/org/jboss/logging/jboss-logging/3.3.2.Final/jboss-logging-3.3.2.Final.jar:/Users/bin.yang/work/repository/repository/repository/com/fasterxml/classmate/1.3.4/classmate-1.3.4.jar:/Users/bin.yang/work/repository/repository/repository/org/springframework/spring-web/5.0.9.RELEASE/spring-web-5.0.9.RELEASE.jar:/Users/bin.yang/work/repository/repository/repository/org/springframework/spring-webmvc/5.0.9.RELEASE/spring-webmvc-5.0.9.RELEASE.jar:/Users/bin.yang/work/repository/repository/repository/org/springframework/spring-expression/5.0.9.RELEASE/spring-expression-5.0.9.RELEASE.jar:/Users/bin.yang/work/repository/repository/repository/mysql/mysql-connector-java/6.0.5/mysql-connector-java-6.0.5.jar:/Users/bin.yang/work/repository/repository/repository/org/springframework/boot/spring-boot-starter-test/2.0.5.RELEASE/spring-boot-starter-test-2.0.5.RELEASE.jar:/Users/bin.yang/work/repository/repository/repository/org/springframework/boot/spring-boot-test/2.0.5.RELEASE/spring-boot-test-2.0.5.RELEASE.jar:/Users/bin.yang/work/repository/repository/repository/org/springframework/boot/spring-boot-test-autoconfigure/2.0.5.RELEASE/spring-boot-test-autoconfigure-2.0.5.RELEASE.jar:/Users/bin.yang/work/repository/repository/repository/com/jayway/jsonpath/json-path/2.4.0/json-path-2.4.0.jar:/Users/bin.yang/work/repository/repository/repository/net/minidev/json-smart/2.3/json-smart-2.3.jar:/Users/bin.yang/work/repository/repository/repository/net/minidev/accessors-smart/1.2/accessors-smart-1.2.jar:/Users/bin.yang/work/repository/repository/repository/org/ow2/asm/asm/5.0.4/asm-5.0.4.jar:/Users/bin.yang/work/repository/repository/repository/junit/junit/4.12/junit-4.12.jar:/Users/bin.yang/work/repository/repository/repository/org/assertj/assertj-core/3.9.1/assertj-core-3.9.1.jar:/Users/bin.yang/work/repository/repository/repository/org/mockito/mockito-core/2.15.0/mockito-core-2.15.0.jar:/Users/bin.yang/work/repository/repository/repository/net/bytebuddy/byte-buddy/1.7.11/byte-buddy-1.7.11.jar:/Users/bin.yang/work/repository/repository/repository/net/bytebuddy/byte-buddy-agent/1.7.11/byte-buddy-agent-1.7.11.jar:/Users/bin.yang/work/repository/repository/repository/org/objenesis/objenesis/2.6/objenesis-2.6.jar:/Users/bin.yang/work/repository/repository/repository/org/hamcrest/hamcrest-core/1.3/hamcrest-core-1.3.jar:/Users/bin.yang/work/repository/repository/repository/org/hamcrest/hamcrest-library/1.3/hamcrest-library-1.3.jar:/Users/bin.yang/work/repository/repository/repository/org/skyscreamer/jsonassert/1.5.0/jsonassert-1.5.0.jar:/Users/bin.yang/work/repository/repository/repository/com/vaadin/external/google/android-json/0.0.20131108.vaadin1/android-json-0.0.20131108.vaadin1.jar:/Users/bin.yang/work/repository/repository/repository/org/springframework/spring-core/5.0.9.RELEASE/spring-core-5.0.9.RELEASE.jar:/Users/bin.yang/work/repository/repository/repository/org/springframework/spring-jcl/5.0.9.RELEASE/spring-jcl-5.0.9.RELEASE.jar:/Users/bin.yang/work/repository/repository/repository/org/springframework/spring-test/5.0.9.RELEASE/spring-test-5.0.9.RELEASE.jar:/Users/bin.yang/work/repository/repository/repository/org/xmlunit/xmlunit-core/2.5.1/xmlunit-core-2.5.1.jar:/Users/bin.yang/work/repository/repository/repository/com/alibaba/druid/1.1.9/druid-1.1.9.jar:/Users/bin.yang/work/repository/repository/repository/com/alibaba/fastjson/1.2.54/fastjson-1.2.54.jar:/Users/bin.yang/work/repository/repository/repository/redis/clients/jedis/2.9.0/jedis-2.9.0.jar:/Users/bin.yang/work/repository/repository/repository/org/apache/commons/commons-pool2/2.5.0/commons-pool2-2.5.0.jar:/Users/bin.yang/work/repository/repository/repository/org/apache/commons/commons-lang3/3.8.1/commons-lang3-3.8.1.jar:/Users/bin.yang/work/repository/repository/repository/org/springframework/spring-jdbc/5.0.0.BUILD-SNAPSHOT/spring-jdbc-5.0.0.BUILD-SNAPSHOT.jar:/Users/bin.yang/work/repository/repository/repository/org/springframework/spring-beans/5.0.9.RELEASE/spring-beans-5.0.9.RELEASE.jar:/Users/bin.yang/work/repository/repository/repository/org/springframework/spring-tx/5.0.9.RELEASE/spring-tx-5.0.9.RELEASE.jar:/Users/bin.yang/work/repository/repository/repository/tk/mybatis/mapper/3.4.0/mapper-3.4.0.jar:/Users/bin.yang/work/repository/repository/repository/javax/persistence/persistence-api/1.0/persistence-api-1.0.jar:/Users/bin.yang/work/repository/repository/repository/org/mybatis/spring/boot/mybatis-spring-boot-starter/1.3.2/mybatis-spring-boot-starter-1.3.2.jar:/Users/bin.yang/work/repository/repository/repository/org/springframework/boot/spring-boot-starter-jdbc/2.0.5.RELEASE/spring-boot-starter-jdbc-2.0.5.RELEASE.jar:/Users/bin.yang/work/repository/repository/repository/com/zaxxer/HikariCP/2.7.9/HikariCP-2.7.9.jar:/Users/bin.yang/work/repository/repository/repository/org/mybatis/spring/boot/mybatis-spring-boot-autoconfigure/1.3.2/mybatis-spring-boot-autoconfigure-1.3.2.jar:/Users/bin.yang/work/repository/repository/repository/org/mybatis/mybatis/3.4.6/mybatis-3.4.6.jar:/Users/bin.yang/work/repository/repository/repository/org/mybatis/mybatis-spring/1.3.2/mybatis-spring-1.3.2.jar:/Users/bin.yang/work/repository/repository/repository/org/elasticsearch/elasticsearch/6.5.4/elasticsearch-6.5.4.jar:/Users/bin.yang/work/repository/repository/repository/org/elasticsearch/elasticsearch-core/6.5.4/elasticsearch-core-6.5.4.jar:/Users/bin.yang/work/repository/repository/repository/org/elasticsearch/elasticsearch-secure-sm/6.5.4/elasticsearch-secure-sm-6.5.4.jar:/Users/bin.yang/work/repository/repository/repository/org/elasticsearch/elasticsearch-x-content/6.5.4/elasticsearch-x-content-6.5.4.jar:/Users/bin.yang/work/repository/repository/repository/com/fasterxml/jackson/core/jackson-core/2.9.6/jackson-core-2.9.6.jar:/Users/bin.yang/work/repository/repository/repository/com/fasterxml/jackson/dataformat/jackson-dataformat-smile/2.9.6/jackson-dataformat-smile-2.9.6.jar:/Users/bin.yang/work/repository/repository/repository/com/fasterxml/jackson/dataformat/jackson-dataformat-yaml/2.9.6/jackson-dataformat-yaml-2.9.6.jar:/Users/bin.yang/work/repository/repository/repository/com/fasterxml/jackson/dataformat/jackson-dataformat-cbor/2.9.6/jackson-dataformat-cbor-2.9.6.jar:/Users/bin.yang/work/repository/repository/repository/org/apache/lucene/lucene-core/7.5.0/lucene-core-7.5.0.jar:/Users/bin.yang/work/repository/repository/repository/org/apache/lucene/lucene-analyzers-common/7.5.0/lucene-analyzers-common-7.5.0.jar:/Users/bin.yang/work/repository/repository/repository/org/apache/lucene/lucene-backward-codecs/7.5.0/lucene-backward-codecs-7.5.0.jar:/Users/bin.yang/work/repository/repository/repository/org/apache/lucene/lucene-grouping/7.5.0/lucene-grouping-7.5.0.jar:/Users/bin.yang/work/repository/repository/repository/org/apache/lucene/lucene-highlighter/7.5.0/lucene-highlighter-7.5.0.jar:/Users/bin.yang/work/repository/repository/repository/org/apache/lucene/lucene-join/7.5.0/lucene-join-7.5.0.jar:/Users/bin.yang/work/repository/repository/repository/org/apache/lucene/lucene-memory/7.5.0/lucene-memory-7.5.0.jar:/Users/bin.yang/work/repository/repository/repository/org/apache/lucene/lucene-misc/7.5.0/lucene-misc-7.5.0.jar:/Users/bin.yang/work/repository/repository/repository/org/apache/lucene/lucene-queries/7.5.0/lucene-queries-7.5.0.jar:/Users/bin.yang/work/repository/repository/repository/org/apache/lucene/lucene-queryparser/7.5.0/lucene-queryparser-7.5.0.jar:/Users/bin.yang/work/repository/repository/repository/org/apache/lucene/lucene-sandbox/7.5.0/lucene-sandbox-7.5.0.jar:/Users/bin.yang/work/repository/repository/repository/org/apache/lucene/lucene-spatial/7.5.0/lucene-spatial-7.5.0.jar:/Users/bin.yang/work/repository/repository/repository/org/apache/lucene/lucene-spatial-extras/7.5.0/lucene-spatial-extras-7.5.0.jar:/Users/bin.yang/work/repository/repository/repository/org/apache/lucene/lucene-spatial3d/7.5.0/lucene-spatial3d-7.5.0.jar:/Users/bin.yang/work/repository/repository/repository/org/apache/lucene/lucene-suggest/7.5.0/lucene-suggest-7.5.0.jar:/Users/bin.yang/work/repository/repository/repository/org/elasticsearch/elasticsearch-cli/6.5.4/elasticsearch-cli-6.5.4.jar:/Users/bin.yang/work/repository/repository/repository/net/sf/jopt-simple/jopt-simple/5.0.2/jopt-simple-5.0.2.jar:/Users/bin.yang/work/repository/repository/repository/com/carrotsearch/hppc/0.7.1/hppc-0.7.1.jar:/Users/bin.yang/work/repository/repository/repository/joda-time/joda-time/2.9.9/joda-time-2.9.9.jar:/Users/bin.yang/work/repository/repository/repository/com/tdunning/t-digest/3.2/t-digest-3.2.jar:/Users/bin.yang/work/repository/repository/repository/org/hdrhistogram/HdrHistogram/2.1.9/HdrHistogram-2.1.9.jar:/Users/bin.yang/work/repository/repository/repository/org/apache/logging/log4j/log4j-api/2.10.0/log4j-api-2.10.0.jar:/Users/bin.yang/work/repository/repository/repository/org/elasticsearch/jna/4.5.1/jna-4.5.1.jar:/Users/bin.yang/work/repository/repository/repository/org/elasticsearch/client/elasticsearch-rest-client/6.5.4/elasticsearch-rest-client-6.5.4.jar:/Users/bin.yang/work/repository/repository/repository/org/apache/httpcomponents/httpclient/4.5.6/httpclient-4.5.6.jar:/Users/bin.yang/work/repository/repository/repository/org/apache/httpcomponents/httpcore/4.4.10/httpcore-4.4.10.jar:/Users/bin.yang/work/repository/repository/repository/org/apache/httpcomponents/httpasyncclient/4.1.4/httpasyncclient-4.1.4.jar:/Users/bin.yang/work/repository/repository/repository/org/apache/httpcomponents/httpcore-nio/4.4.10/httpcore-nio-4.4.10.jar:/Users/bin.yang/work/repository/repository/repository/commons-codec/commons-codec/1.11/commons-codec-1.11.jar:/Users/bin.yang/work/repository/repository/repository/commons-logging/commons-logging/1.1.3/commons-logging-1.1.3.jar:/Users/bin.yang/work/repository/repository/repository/org/elasticsearch/client/elasticsearch-rest-high-level-client/6.5.4/elasticsearch-rest-high-level-client-6.5.4.jar:/Users/bin.yang/work/repository/repository/repository/org/elasticsearch/plugin/parent-join-client/6.5.4/parent-join-client-6.5.4.jar:/Users/bin.yang/work/repository/repository/repository/org/elasticsearch/plugin/aggs-matrix-stats-client/6.5.4/aggs-matrix-stats-client-6.5.4.jar:/Users/bin.yang/work/repository/repository/repository/org/elasticsearch/plugin/rank-eval-client/6.5.4/rank-eval-client-6.5.4.jar:/Users/bin.yang/work/repository/repository/repository/org/elasticsearch/plugin/lang-mustache-client/6.5.4/lang-mustache-client-6.5.4.jar:/Users/bin.yang/work/repository/repository/repository/com/github/spullara/mustache/java/compiler/0.9.3/compiler-0.9.3.jar:/Users/bin.yang/work/repository/repository/repository/org/projectlombok/lombok/1.18.2/lombok-1.18.2.jar:/Users/bin.yang/work/repository/repository/repository/com/alibaba/otter/canal.client/1.1.2/canal.client-1.1.2.jar:/Users/bin.yang/work/repository/repository/repository/com/google/protobuf/protobuf-java/3.6.1/protobuf-java-3.6.1.jar:/Users/bin.yang/work/repository/repository/repository/io/netty/netty-all/4.1.29.Final/netty-all-4.1.29.Final.jar:/Users/bin.yang/work/repository/repository/repository/org/apache/zookeeper/zookeeper/3.4.5/zookeeper-3.4.5.jar:/Users/bin.yang/work/repository/repository/repository/org/jboss/netty/netty/3.2.2.Final/netty-3.2.2.Final.jar:/Users/bin.yang/work/repository/repository/repository/com/101tec/zkclient/0.10/zkclient-0.10.jar:/Users/bin.yang/work/repository/repository/repository/commons-io/commons-io/2.4/commons-io-2.4.jar:/Users/bin.yang/work/repository/repository/repository/commons-lang/commons-lang/2.6/commons-lang-2.6.jar:/Users/bin.yang/work/repository/repository/repository/com/google/guava/guava/18.0/guava-18.0.jar:/Users/bin.yang/work/repository/repository/repository/ch/qos/logback/logback-core/1.2.3/logback-core-1.2.3.jar:/Users/bin.yang/work/repository/repository/repository/ch/qos/logback/logback-classic/1.2.3/logback-classic-1.2.3.jar:/Users/bin.yang/work/repository/repository/repository/org/slf4j/jcl-over-slf4j/1.7.25/jcl-over-slf4j-1.7.25.jar:/Users/bin.yang/work/repository/repository/repository/org/slf4j/slf4j-api/1.7.25/slf4j-api-1.7.25.jar:/Users/bin.yang/work/repository/repository/repository/org/springframework/spring-aop/5.0.9.RELEASE/spring-aop-5.0.9.RELEASE.jar:/Users/bin.yang/work/repository/repository/repository/org/springframework/spring-context/5.0.9.RELEASE/spring-context-5.0.9.RELEASE.jar:/Users/bin.yang/work/repository/repository/repository/org/springframework/spring-orm/5.0.9.RELEASE/spring-orm-5.0.9.RELEASE.jar:/Users/bin.yang/work/repository/repository/repository/org/apache/rocketmq/rocketmq-client/4.3.0/rocketmq-client-4.3.0.jar:/Users/bin.yang/work/repository/repository/repository/org/apache/rocketmq/rocketmq-common/4.3.0/rocketmq-common-4.3.0.jar:/Users/bin.yang/work/repository/repository/repository/org/apache/rocketmq/rocketmq-remoting/4.3.0/rocketmq-remoting-4.3.0.jar:/Users/bin.yang/work/repository/repository/repository/org/apache/rocketmq/rocketmq-logging/4.3.0/rocketmq-logging-4.3.0.jar:/Users/bin.yang/work/repository/repository/repository/io/netty/netty-tcnative-boringssl-static/1.1.33.Fork26/netty-tcnative-boringssl-static-1.1.33.Fork26.jar:/Users/bin.yang/work/repository/repository/repository/com/aliyun/openservices/aliware-apache-rocketmq-cloud/1.0/aliware-apache-rocketmq-cloud-1.0.jar:/Users/bin.yang/work/repository/repository/repository/org/springframework/boot/spring-boot-starter-thymeleaf/2.0.5.RELEASE/spring-boot-starter-thymeleaf-2.0.5.RELEASE.jar:/Users/bin.yang/work/repository/repository/repository/org/thymeleaf/thymeleaf-spring5/3.0.9.RELEASE/thymeleaf-spring5-3.0.9.RELEASE.jar:/Users/bin.yang/work/repository/repository/repository/org/thymeleaf/thymeleaf/3.0.9.RELEASE/thymeleaf-3.0.9.RELEASE.jar:/Users/bin.yang/work/repository/repository/repository/org/attoparser/attoparser/2.0.4.RELEASE/attoparser-2.0.4.RELEASE.jar:/Users/bin.yang/work/repository/repository/repository/org/unbescape/unbescape/1.1.5.RELEASE/unbescape-1.1.5.RELEASE.jar:/Users/bin.yang/work/repository/repository/repository/org/thymeleaf/extras/thymeleaf-extras-java8time/3.0.1.RELEASE/thymeleaf-extras-java8time-3.0.1.RELEASE.jar:"/>
    <property name="sun.cpu.endian" value="little"/>
    <property name="user.home" value="/Users/bin.yang"/>
    <property name="user.language" value="zh"/>
    <property name="java.specification.vendor" value="Oracle Corporation"/>
    <property name="java.home" value="/Library/Java/JavaVirtualMachines/jdk1.8.0_201.jdk/Contents/Home/jre"/>
    <property name="basedir" value="/Users/bin.yang/Desktop/gitlocal/sunny"/>
    <property name="file.separator" value="/"/>
    <property name="line.separator" value="&#10;"/>
    <property name="java.vm.specification.vendor" value="Oracle Corporation"/>
    <property name="java.specification.name" value="Java Platform API Specification"/>
    <property name="java.awt.graphicsenv" value="sun.awt.CGraphicsEnvironment"/>
    <property name="surefire.real.class.path" value="/Users/bin.yang/Desktop/gitlocal/sunny/target/surefire/surefirebooter6584019692299720682.jar"/>
    <property name="sun.boot.class.path" value="/Library/Java/JavaVirtualMachines/jdk1.8.0_201.jdk/Contents/Home/jre/lib/resources.jar:/Library/Java/JavaVirtualMachines/jdk1.8.0_201.jdk/Contents/Home/jre/lib/rt.jar:/Library/Java/JavaVirtualMachines/jdk1.8.0_201.jdk/Contents/Home/jre/lib/sunrsasign.jar:/Library/Java/JavaVirtualMachines/jdk1.8.0_201.jdk/Contents/Home/jre/lib/jsse.jar:/Library/Java/JavaVirtualMachines/jdk1.8.0_201.jdk/Contents/Home/jre/lib/jce.jar:/Library/Java/JavaVirtualMachines/jdk1.8.0_201.jdk/Contents/Home/jre/lib/charsets.jar:/Library/Java/JavaVirtualMachines/jdk1.8.0_201.jdk/Contents/Home/jre/lib/jfr.jar:/Library/Java/JavaVirtualMachines/jdk1.8.0_201.jdk/Contents/Home/jre/classes"/>
    <property name="sun.management.compiler" value="HotSpot 64-Bit Tiered Compilers"/>
    <property name="ftp.nonProxyHosts" value="local|*.local|169.254/16|*.169.254/16"/>
    <property name="java.runtime.version" value="1.8.0_201-b09"/>
    <property name="user.name" value="bin.yang"/>
    <property name="path.separator" value=":"/>
    <property name="os.version" value="10.14.6"/>
    <property name="java.endorsed.dirs" value="/Library/Java/JavaVirtualMachines/jdk1.8.0_201.jdk/Contents/Home/jre/lib/endorsed"/>
    <property name="java.runtime.name" value="Java(TM) SE Runtime Environment"/>
    <property name="file.encoding" value="UTF-8"/>
    <property name="java.vm.name" value="Java HotSpot(TM) 64-Bit Server VM"/>
    <property name="localRepository" value="/Users/bin.yang/work/repository/repository/repository"/>
    <property name="java.vendor.url.bug" value="http://bugreport.sun.com/bugreport/"/>
    <property name="java.io.tmpdir" value="/var/folders/zb/t6gpnlps44jbggggp2bd2p1m0000gn/T/"/>
    <property name="java.version" value="1.8.0_201"/>
    <property name="user.dir" value="/Users/bin.yang/Desktop/gitlocal/sunny"/>
    <property name="os.arch" value="x86_64"/>
    <property name="java.vm.specification.name" value="Java Virtual Machine Specification"/>
    <property name="java.awt.printerjob" value="sun.lwawt.macosx.CPrinterJob"/>
    <property name="sun.os.patch.level" value="unknown"/>
    <property name="java.library.path" value="/Users/bin.yang/Library/Java/Extensions:/Library/Java/Extensions:/Network/Library/Java/Extensions:/System/Library/Java/Extensions:/usr/lib/java:."/>
    <property name="java.vm.info" value="mixed mode"/>
    <property name="java.vendor" value="Oracle Corporation"/>
    <property name="java.vm.version" value="25.201-b09"/>
    <property name="java.ext.dirs" value="/Users/bin.yang/Library/Java/Extensions:/Library/Java/JavaVirtualMachines/jdk1.8.0_201.jdk/Contents/Home/jre/lib/ext:/Library/Java/Extensions:/Network/Library/Java/Extensions:/System/Library/Java/Extensions:/usr/lib/java"/>
    <property name="sun.io.unicode.encoding" value="UnicodeBig"/>
    <property name="java.class.version" value="52.0"/>
    <property name="socksNonProxyHosts" value="local|*.local|169.254/16|*.169.254/16"/>
  </properties>
  <testcase name="contextLoads" classname="com.bin.yang.ByonesellApplicationTests" time="0.082"/>
</testsuite>